2014/11/07 18:05:05 にビルドを開始しました。
     1>ノード 2 上のプロジェクト "C:\Users\真\Desktop\女児向け格ゲー\キュアドール☆バトルスターズ！\キュアドール☆バトルスターズ！\キュアドール☆バトルスターズ！.vcxproj" (Build ターゲット)。
     1>ClCompile:
         C:\Program Files (x86)\Microsoft Visual Studio 12.0\VC\bin\CL.exe /c /I./DxLib/ /ZI /nologo /W3 /WX- /sdl /Od /Oy- /D _MBCS /Gm /EHsc /RTC1 /MTd /GS /fp:precise /Zc:wchar_t /Zc:forScope /Fo"Debug\\" /Fd"Debug\vc120.pdb" /Gd /TP /analyze- /errorReport:prompt Battle.cpp Character.cpp Stage.cpp main.cpp
         main.cpp
     1>c:\users\真\desktop\女児向け格ゲー\キュアドール☆バトルスターズ！\キュアドール☆バトルスターズ！\character.h(147): error C2086: 'int Character::LifeMax' : 再定義されました。
                 c:\users\真\desktop\女児向け格ゲー\キュアドール☆バトルスターズ！\キュアドール☆バトルスターズ！\character.h(116) : 'Character::LifeMax' の宣言を確認してください。
     1>c:\users\真\desktop\女児向け格ゲー\キュアドール☆バトルスターズ！\キュアドール☆バトルスターズ！\main.cpp(19): warning C4244: '引数' : 'float' から 'int' への変換です。データが失われる可能性があります。
         Stage.cpp
         Character.cpp
     1>c:\users\真\desktop\女児向け格ゲー\キュアドール☆バトルスターズ！\キュアドール☆バトルスターズ！\character.h(147): error C2086: 'int Character::LifeMax' : 再定義されました。
                 c:\users\真\desktop\女児向け格ゲー\キュアドール☆バトルスターズ！\キュアドール☆バトルスターズ！\character.h(116) : 'Character::LifeMax' の宣言を確認してください。
     1>c:\users\真\desktop\女児向け格ゲー\キュアドール☆バトルスターズ！\キュアドール☆バトルスターズ！\character.cpp(16): error C2039: 'FlagSlide' : 'Slide' のメンバーではありません。
                 c:\users\真\desktop\女児向け格ゲー\キュアドール☆バトルスターズ！\キュアドール☆バトルスターズ！\character.h(35) : 'Slide' の宣言を確認してください。
     1>c:\users\真\desktop\女児向け格ゲー\キュアドール☆バトルスターズ！\キュアドール☆バトルスターズ！\character.cpp(17): error C2274: '関数形式のキャスト' : '.' 演算子の右側で使用できません。
     1>c:\users\真\desktop\女児向け格ゲー\キュアドール☆バトルスターズ！\キュアドール☆バトルスターズ！\character.cpp(18): error C2274: '関数形式のキャスト' : '.' 演算子の右側で使用できません。
     1>c:\users\真\desktop\女児向け格ゲー\キュアドール☆バトルスターズ！\キュアドール☆バトルスターズ！\character.cpp(19): error C2274: '関数形式のキャスト' : '.' 演算子の右側で使用できません。
     1>c:\users\真\desktop\女児向け格ゲー\キュアドール☆バトルスターズ！\キュアドール☆バトルスターズ！\character.cpp(20): error C2274: '関数形式のキャスト' : '.' 演算子の右側で使用できません。
     1>c:\users\真\desktop\女児向け格ゲー\キュアドール☆バトルスターズ！\キュアドール☆バトルスターズ！\character.cpp(25): error C2039: 'FlagSlide' : 'Slide' のメンバーではありません。
                 c:\users\真\desktop\女児向け格ゲー\キュアドール☆バトルスターズ！\キュアドール☆バトルスターズ！\character.h(35) : 'Slide' の宣言を確認してください。
     1>c:\users\真\desktop\女児向け格ゲー\キュアドール☆バトルスターズ！\キュアドール☆バトルスターズ！\character.cpp(26): error C2274: '関数形式のキャスト' : '.' 演算子の右側で使用できません。
     1>c:\users\真\desktop\女児向け格ゲー\キュアドール☆バトルスターズ！\キュアドール☆バトルスターズ！\character.cpp(27): error C2274: '関数形式のキャスト' : '.' 演算子の右側で使用できません。
     1>c:\users\真\desktop\女児向け格ゲー\キュアドール☆バトルスターズ！\キュアドール☆バトルスターズ！\character.cpp(28): error C2274: '関数形式のキャスト' : '.' 演算子の右側で使用できません。
     1>c:\users\真\desktop\女児向け格ゲー\キュアドール☆バトルスターズ！\キュアドール☆バトルスターズ！\character.cpp(29): error C2274: '関数形式のキャスト' : '.' 演算子の右側で使用できません。
     1>c:\users\真\desktop\女児向け格ゲー\キュアドール☆バトルスターズ！\キュアドール☆バトルスターズ！\character.cpp(34): error C2039: 'FlagSlide' : 'Slide' のメンバーではありません。
                 c:\users\真\desktop\女児向け格ゲー\キュアドール☆バトルスターズ！\キュアドール☆バトルスターズ！\character.h(35) : 'Slide' の宣言を確認してください。
     1>c:\users\真\desktop\女児向け格ゲー\キュアドール☆バトルスターズ！\キュアドール☆バトルスターズ！\character.cpp(35): error C2274: '関数形式のキャスト' : '.' 演算子の右側で使用できません。
     1>c:\users\真\desktop\女児向け格ゲー\キュアドール☆バトルスターズ！\キュアドール☆バトルスターズ！\character.cpp(36): error C2274: '関数形式のキャスト' : '.' 演算子の右側で使用できません。
     1>c:\users\真\desktop\女児向け格ゲー\キュアドール☆バトルスターズ！\キュアドール☆バトルスターズ！\character.cpp(37): error C2274: '関数形式のキャスト' : '.' 演算子の右側で使用できません。
     1>c:\users\真\desktop\女児向け格ゲー\キュアドール☆バトルスターズ！\キュアドール☆バトルスターズ！\character.cpp(38): error C2274: '関数形式のキャスト' : '.' 演算子の右側で使用できません。
     1>c:\users\真\desktop\女児向け格ゲー\キュアドール☆バトルスターズ！\キュアドール☆バトルスターズ！\character.cpp(55): error C2039: 'LogD' : 'Command' のメンバーではありません。
                 c:\users\真\desktop\女児向け格ゲー\キュアドール☆バトルスターズ！\キュアドール☆バトルスターズ！\character.h(8) : 'Command' の宣言を確認してください。
     1>c:\users\真\desktop\女児向け格ゲー\キュアドール☆バトルスターズ！\キュアドール☆バトルスターズ！\character.cpp(56): error C2039: 'LogB' : 'Command' のメンバーではありません。
                 c:\users\真\desktop\女児向け格ゲー\キュアドール☆バトルスターズ！\キュアドール☆バトルスターズ！\character.h(8) : 'Command' の宣言を確認してください。
     1>c:\users\真\desktop\女児向け格ゲー\キュアドール☆バトルスターズ！\キュアドール☆バトルスターズ！\character.cpp(60): error C2065: 'COMMAND' : 定義されていない識別子です。
     1>c:\users\真\desktop\女児向け格ゲー\キュアドール☆バトルスターズ！\キュアドール☆バトルスターズ！\character.cpp(60): error C2065: 'p' : 定義されていない識別子です。
     1>c:\users\真\desktop\女児向け格ゲー\キュアドール☆バトルスターズ！\キュアドール☆バトルスターズ！\character.cpp(60): error C2228: '.LogD' の左側はクラス、構造体、共用体でなければなりません
     1>c:\users\真\desktop\女児向け格ゲー\キュアドール☆バトルスターズ！\キュアドール☆バトルスターズ！\character.cpp(61): error C2065: 'p' : 定義されていない識別子です。
     1>c:\users\真\desktop\女児向け格ゲー\キュアドール☆バトルスターズ！\キュアドール☆バトルスターズ！\character.cpp(61): error C2228: '.D2' の左側はクラス、構造体、共用体でなければなりません
     1>c:\users\真\desktop\女児向け格ゲー\キュアドール☆バトルスターズ！\キュアドール☆バトルスターズ！\character.cpp(61): error C2065: 'COMMAND' : 定義されていない識別子です。
     1>c:\users\真\desktop\女児向け格ゲー\キュアドール☆バトルスターズ！\キュアドール☆バトルスターズ！\character.cpp(61): error C2228: '.LogD' の左側はクラス、構造体、共用体でなければなりません
     1>c:\users\真\desktop\女児向け格ゲー\キュアドール☆バトルスターズ！\キュアドール☆バトルスターズ！\character.cpp(62): error C2065: 'p' : 定義されていない識別子です。
     1>c:\users\真\desktop\女児向け格ゲー\キュアドール☆バトルスターズ！\キュアドール☆バトルスターズ！\character.cpp(62): error C2228: '.D3' の左側はクラス、構造体、共用体でなければなりません
     1>c:\users\真\desktop\女児向け格ゲー\キュアドール☆バトルスターズ！\キュアドール☆バトルスターズ！\character.cpp(62): error C2065: 'COMMAND' : 定義されていない識別子です。
     1>c:\users\真\desktop\女児向け格ゲー\キュアドール☆バトルスターズ！\キュアドール☆バトルスターズ！\character.cpp(62): error C2228: '.LogD' の左側はクラス、構造体、共用体でなければなりません
     1>c:\users\真\desktop\女児向け格ゲー\キュアドール☆バトルスターズ！\キュアドール☆バトルスターズ！\character.cpp(63): error C2065: 'p' : 定義されていない識別子です。
     1>c:\users\真\desktop\女児向け格ゲー\キュアドール☆バトルスターズ！\キュアドール☆バトルスターズ！\character.cpp(63): error C2228: '.D4' の左側はクラス、構造体、共用体でなければなりません
     1>c:\users\真\desktop\女児向け格ゲー\キュアドール☆バトルスターズ！\キュアドール☆バトルスターズ！\character.cpp(63): error C2065: 'COMMAND' : 定義されていない識別子です。
     1>c:\users\真\desktop\女児向け格ゲー\キュアドール☆バトルスターズ！\キュアドール☆バトルスターズ！\character.cpp(63): error C2228: '.LogD' の左側はクラス、構造体、共用体でなければなりません
     1>c:\users\真\desktop\女児向け格ゲー\キュアドール☆バトルスターズ！\キュアドール☆バトルスターズ！\character.cpp(64): error C2065: 'p' : 定義されていない識別子です。
     1>c:\users\真\desktop\女児向け格ゲー\キュアドール☆バトルスターズ！\キュアドール☆バトルスターズ！\character.cpp(64): error C2228: '.DN' の左側はクラス、構造体、共用体でなければなりません
     1>c:\users\真\desktop\女児向け格ゲー\キュアドール☆バトルスターズ！\キュアドール☆バトルスターズ！\character.cpp(64): error C2065: 'COMMAND' : 定義されていない識別子です。
     1>c:\users\真\desktop\女児向け格ゲー\キュアドール☆バトルスターズ！\キュアドール☆バトルスターズ！\character.cpp(64): error C2228: '.LogD' の左側はクラス、構造体、共用体でなければなりません
     1>c:\users\真\desktop\女児向け格ゲー\キュアドール☆バトルスターズ！\キュアドール☆バトルスターズ！\character.cpp(65): error C2065: 'p' : 定義されていない識別子です。
     1>c:\users\真\desktop\女児向け格ゲー\キュアドール☆バトルスターズ！\キュアドール☆バトルスターズ！\character.cpp(65): error C2228: '.D6' の左側はクラス、構造体、共用体でなければなりません
     1>c:\users\真\desktop\女児向け格ゲー\キュアドール☆バトルスターズ！\キュアドール☆バトルスターズ！\character.cpp(65): error C2065: 'COMMAND' : 定義されていない識別子です。
     1>c:\users\真\desktop\女児向け格ゲー\キュアドール☆バトルスターズ！\キュアドール☆バトルスターズ！\character.cpp(65): error C2228: '.LogD' の左側はクラス、構造体、共用体でなければなりません
     1>c:\users\真\desktop\女児向け格ゲー\キュアドール☆バトルスターズ！\キュアドール☆バトルスターズ！\character.cpp(66): error C2065: 'p' : 定義されていない識別子です。
     1>c:\users\真\desktop\女児向け格ゲー\キュアドール☆バトルスターズ！\キュアドール☆バトルスターズ！\character.cpp(66): error C2228: '.D7' の左側はクラス、構造体、共用体でなければなりません
     1>c:\users\真\desktop\女児向け格ゲー\キュアドール☆バトルスターズ！\キュアドール☆バトルスターズ！\character.cpp(66): error C2065: 'COMMAND' : 定義されていない識別子です。
     1>c:\users\真\desktop\女児向け格ゲー\キュアドール☆バトルスターズ！\キュアドール☆バトルスターズ！\character.cpp(66): error C2228: '.LogD' の左側はクラス、構造体、共用体でなければなりません
     1>c:\users\真\desktop\女児向け格ゲー\キュアドール☆バトルスターズ！\キュアドール☆バトルスターズ！\character.cpp(67): error C2065: 'p' : 定義されていない識別子です。
     1>c:\users\真\desktop\女児向け格ゲー\キュアドール☆バトルスターズ！\キュアドール☆バトルスターズ！\character.cpp(67): error C2228: '.D8' の左側はクラス、構造体、共用体でなければなりません
     1>c:\users\真\desktop\女児向け格ゲー\キュアドール☆バトルスターズ！\キュアドール☆バトルスターズ！\character.cpp(67): error C2065: 'COMMAND' : 定義されていない識別子です。
     1>c:\users\真\desktop\女児向け格ゲー\キュアドール☆バトルスターズ！\キュアドール☆バトルスターズ！\character.cpp(67): error C2228: '.LogD' の左側はクラス、構造体、共用体でなければなりません
     1>c:\users\真\desktop\女児向け格ゲー\キュアドール☆バトルスターズ！\キュアドール☆バトルスターズ！\character.cpp(68): error C2065: 'p' : 定義されていない識別子です。
     1>c:\users\真\desktop\女児向け格ゲー\キュアドール☆バトルスターズ！\キュアドール☆バトルスターズ！\character.cpp(68): error C2228: '.D9' の左側はクラス、構造体、共用体でなければなりません
     1>c:\users\真\desktop\女児向け格ゲー\キュアドール☆バトルスターズ！\キュアドール☆バトルスターズ！\character.cpp(68): error C2065: 'COMMAND' : 定義されていない識別子です。
     1>c:\users\真\desktop\女児向け格ゲー\キュアドール☆バトルスターズ！\キュアドール☆バトルスターズ！\character.cpp(68): error C2228: '.LogD' の左側はクラス、構造体、共用体でなければなりません
     1>c:\users\真\desktop\女児向け格ゲー\キュアドール☆バトルスターズ！\キュアドール☆バトルスターズ！\character.cpp(71): error C2065: 'p' : 定義されていない識別子です。
     1>c:\users\真\desktop\女児向け格ゲー\キュアドール☆バトルスターズ！\キュアドール☆バトルスターズ！\character.cpp(71): error C2228: '.D1' の左側はクラス、構造体、共用体でなければなりません
     1>c:\users\真\desktop\女児向け格ゲー\キュアドール☆バトルスターズ！\キュアドール☆バトルスターズ！\character.cpp(71): error C2065: 'COMMAND' : 定義されていない識別子です。
     1>c:\users\真\desktop\女児向け格ゲー\キュアドール☆バトルスターズ！\キュアドール☆バトルスターズ！\character.cpp(71): error C2228: '.LogD' の左側はクラス、構造体、共用体でなければなりません
     1>c:\users\真\desktop\女児向け格ゲー\キュアドール☆バトルスターズ！\キュアドール☆バトルスターズ！\character.cpp(72): error C2065: 'p' : 定義されていない識別子です。
     1>c:\users\真\desktop\女児向け格ゲー\キュアドール☆バトルスターズ！\キュアドール☆バトルスターズ！\character.cpp(72): error C2228: '.D2' の左側はクラス、構造体、共用体でなければなりません
     1>c:\users\真\desktop\女児向け格ゲー\キュアドール☆バトルスターズ！\キュアドール☆バトルスターズ！\character.cpp(72): error C2065: 'COMMAND' : 定義されていない識別子です。
     1>c:\users\真\desktop\女児向け格ゲー\キュアドール☆バトルスターズ！\キュアドール☆バトルスターズ！\character.cpp(72): error C2228: '.LogD' の左側はクラス、構造体、共用体でなければなりません
     1>c:\users\真\desktop\女児向け格ゲー\キュアドール☆バトルスターズ！\キュアドール☆バトルスターズ！\character.cpp(73): error C2065: 'p' : 定義されていない識別子です。
     1>c:\users\真\desktop\女児向け格ゲー\キュアドール☆バトルスターズ！\キュアドール☆バトルスターズ！\character.cpp(73): error C2228: '.D3' の左側はクラス、構造体、共用体でなければなりません
     1>c:\users\真\desktop\女児向け格ゲー\キュアドール☆バトルスターズ！\キュアドール☆バトルスターズ！\character.cpp(73): error C2065: 'COMMAND' : 定義されていない識別子です。
     1>c:\users\真\desktop\女児向け格ゲー\キュアドール☆バトルスターズ！\キュアドール☆バトルスターズ！\character.cpp(73): error C2228: '.LogD' の左側はクラス、構造体、共用体でなければなりません
     1>c:\users\真\desktop\女児向け格ゲー\キュアドール☆バトルスターズ！\キュアドール☆バトルスターズ！\character.cpp(74): error C2065: 'p' : 定義されていない識別子です。
     1>c:\users\真\desktop\女児向け格ゲー\キュアドール☆バトルスターズ！\キュアドール☆バトルスターズ！\character.cpp(74): error C2228: '.D4' の左側はクラス、構造体、共用体でなければなりません
     1>c:\users\真\desktop\女児向け格ゲー\キュアドール☆バトルスターズ！\キュアドール☆バトルスターズ！\character.cpp(74): error C2065: 'COMMAND' : 定義されていない識別子です。
     1>c:\users\真\desktop\女児向け格ゲー\キュアドール☆バトルスターズ！\キュアドール☆バトルスターズ！\character.cpp(74): error C2228: '.LogD' の左側はクラス、構造体、共用体でなければなりません
     1>c:\users\真\desktop\女児向け格ゲー\キュアドール☆バトルスターズ！\キュアドール☆バトルスターズ！\character.cpp(75): error C2065: 'p' : 定義されていない識別子です。
     1>c:\users\真\desktop\女児向け格ゲー\キュアドール☆バトルスターズ！\キュアドール☆バトルスターズ！\character.cpp(75): error C2228: '.DN' の左側はクラス、構造体、共用体でなければなりません
     1>c:\users\真\desktop\女児向け格ゲー\キュアドール☆バトルスターズ！\キュアドール☆バトルスターズ！\character.cpp(75): error C2065: 'COMMAND' : 定義されていない識別子です。
     1>c:\users\真\desktop\女児向け格ゲー\キュアドール☆バトルスターズ！\キュアドール☆バトルスターズ！\character.cpp(75): error C2228: '.LogD' の左側はクラス、構造体、共用体でなければなりません
     1>c:\users\真\desktop\女児向け格ゲー\キュアドール☆バトルスターズ！\キュアドール☆バトルスターズ！\character.cpp(76): error C2065: 'p' : 定義されていない識別子です。
     1>c:\users\真\desktop\女児向け格ゲー\キュアドール☆バトルスターズ！\キュアドール☆バトルスターズ！\character.cpp(76): error C2228: '.D6' の左側はクラス、構造体、共用体でなければなりません
     1>c:\users\真\desktop\女児向け格ゲー\キュアドール☆バトルスターズ！\キュアドール☆バトルスターズ！\character.cpp(76): error C2065: 'COMMAND' : 定義されていない識別子です。
     1>c:\users\真\desktop\女児向け格ゲー\キュアドール☆バトルスターズ！\キュアドール☆バトルスターズ！\character.cpp(76): error C2228: '.LogD' の左側はクラス、構造体、共用体でなければなりません
     1>c:\users\真\desktop\女児向け格ゲー\キュアドール☆バトルスターズ！\キュアドール☆バトルスターズ！\character.cpp(77): error C2065: 'p' : 定義されていない識別子です。
     1>c:\users\真\desktop\女児向け格ゲー\キュアドール☆バトルスターズ！\キュアドール☆バトルスターズ！\character.cpp(77): error C2228: '.D7' の左側はクラス、構造体、共用体でなければなりません
     1>c:\users\真\desktop\女児向け格ゲー\キュアドール☆バトルスターズ！\キュアドール☆バトルスターズ！\character.cpp(77): error C2065: 'COMMAND' : 定義されていない識別子です。
     1>c:\users\真\desktop\女児向け格ゲー\キュアドール☆バトルスターズ！\キュアドール☆バトルスターズ！\character.cpp(77): error C2228: '.LogD' の左側はクラス、構造体、共用体でなければなりません
     1>c:\users\真\desktop\女児向け格ゲー\キュアドール☆バトルスターズ！\キュアドール☆バトルスターズ！\character.cpp(78): error C2065: 'p' : 定義されていない識別子です。
     1>c:\users\真\desktop\女児向け格ゲー\キュアドール☆バトルスターズ！\キュアドール☆バトルスターズ！\character.cpp(78): error C2228: '.D8' の左側はクラス、構造体、共用体でなければなりません
     1>c:\users\真\desktop\女児向け格ゲー\キュアドール☆バトルスターズ！\キュアドール☆バトルスターズ！\character.cpp(78): error C2065: 'COMMAND' : 定義されていない識別子です。
     1>c:\users\真\desktop\女児向け格ゲー\キュアドール☆バトルスターズ！\キュアドール☆バトルスターズ！\character.cpp(78): error C2228: '.LogD' の左側はクラス、構造体、共用体でなければなりません
     1>c:\users\真\desktop\女児向け格ゲー\キュアドール☆バトルスターズ！\キュアドール☆バトルスターズ！\character.cpp(79): error C2065: 'p' : 定義されていない識別子です。
     1>c:\users\真\desktop\女児向け格ゲー\キュアドール☆バトルスターズ！\キュアドール☆バトルスターズ！\character.cpp(79): error C2228: '.D9' の左側はクラス、構造体、共用体でなければなりません
     1>c:\users\真\desktop\女児向け格ゲー\キュアドール☆バトルスターズ！\キュアドール☆バトルスターズ！\character.cpp(79): error C2065: 'COMMAND' : 定義されていない識別子です。
     1>c:\users\真\desktop\女児向け格ゲー\キュアドール☆バトルスターズ！\キュアドール☆バトルスターズ！\character.cpp(79): error C2228: '.LogD' の左側はクラス、構造体、共用体でなければなりません
     1>c:\users\真\desktop\女児向け格ゲー\キュアドール☆バトルスターズ！\キュアドール☆バトルスターズ！\character.cpp(83): error C2065: 'p' : 定義されていない識別子です。
     1>c:\users\真\desktop\女児向け格ゲー\キュアドール☆バトルスターズ！\キュアドール☆バトルスターズ！\character.cpp(83): error C2228: '.S' の左側はクラス、構造体、共用体でなければなりません
     1>c:\users\真\desktop\女児向け格ゲー\キュアドール☆バトルスターズ！\キュアドール☆バトルスターズ！\character.cpp(83): error C2065: 'COMMAND' : 定義されていない識別子です。
     1>c:\users\真\desktop\女児向け格ゲー\キュアドール☆バトルスターズ！\キュアドール☆バトルスターズ！\character.cpp(83): error C2228: '.LogB' の左側はクラス、構造体、共用体でなければなりません
     1>c:\users\真\desktop\女児向け格ゲー\キュアドール☆バトルスターズ！\キュアドール☆バトルスターズ！\character.cpp(84): error C2065: 'p' : 定義されていない識別子です。
     1>c:\users\真\desktop\女児向け格ゲー\キュアドール☆バトルスターズ！\キュアドール☆バトルスターズ！\character.cpp(84): error C2228: '.L' の左側はクラス、構造体、共用体でなければなりません
     1>c:\users\真\desktop\女児向け格ゲー\キュアドール☆バトルスターズ！\キュアドール☆バトルスターズ！\character.cpp(84): error C2065: 'COMMAND' : 定義されていない識別子です。
     1>c:\users\真\desktop\女児向け格ゲー\キュアドール☆バトルスターズ！\キュアドール☆バトルスターズ！\character.cpp(84): error C2228: '.LogB' の左側はクラス、構造体、共用体でなければなりません
     1>c:\users\真\desktop\女児向け格ゲー\キュアドール☆バトルスターズ！\キュアドール☆バトルスターズ！\character.cpp(85): error C2065: 'p' : 定義されていない識別子です。
     1>c:\users\真\desktop\女児向け格ゲー\キュアドール☆バトルスターズ！\キュアドール☆バトルスターズ！\character.cpp(85): error C2228: '.M' の左側はクラス、構造体、共用体でなければなりません
     1>c:\users\真\desktop\女児向け格ゲー\キュアドール☆バトルスターズ！\キュアドール☆バトルスターズ！\character.cpp(85): error C2065: 'COMMAND' : 定義されていない識別子です。
     1>c:\users\真\desktop\女児向け格ゲー\キュアドール☆バトルスターズ！\キュアドール☆バトルスターズ！\character.cpp(85): error C2228: '.LogB' の左側はクラス、構造体、共用体でなければなりません
     1>c:\users\真\desktop\女児向け格ゲー\キュアドール☆バトルスターズ！\キュアドール☆バトルスターズ！\character.cpp(85): fatal error C1003: プログラム内のエラーが 100 個を超えました。コンパイルは中断されます。
         Battle.cpp
     1>c:\users\真\desktop\女児向け格ゲー\キュアドール☆バトルスターズ！\キュアドール☆バトルスターズ！\character.h(147): error C2086: 'int Character::LifeMax' : 再定義されました。
                 c:\users\真\desktop\女児向け格ゲー\キュアドール☆バトルスターズ！\キュアドール☆バトルスターズ！\character.h(116) : 'Character::LifeMax' の宣言を確認してください。
     1>c:\users\真\desktop\女児向け格ゲー\キュアドール☆バトルスターズ！\キュアドール☆バトルスターズ！\battle.cpp(25): error C2143: 構文エラー : ';' が '[' の前にありません。
     1>c:\users\真\desktop\女児向け格ゲー\キュアドール☆バトルスターズ！\キュアドール☆バトルスターズ！\battle.cpp(25): error C2337: 'p' : 属性が見つかりません。
     1>c:\users\真\desktop\女児向け格ゲー\キュアドール☆バトルスターズ！\キュアドール☆バトルスターズ！\battle.cpp(25): error C2143: 構文エラー : ';' が '.' の前にありません。
     1>c:\users\真\desktop\女児向け格ゲー\キュアドール☆バトルスターズ！\キュアドール☆バトルスターズ！\battle.cpp(26): error C2143: 構文エラー : ';' が '[' の前にありません。
     1>c:\users\真\desktop\女児向け格ゲー\キュアドール☆バトルスターズ！\キュアドール☆バトルスターズ！\battle.cpp(26): error C2337: 'p' : 属性が見つかりません。
     1>c:\users\真\desktop\女児向け格ゲー\キュアドール☆バトルスターズ！\キュアドール☆バトルスターズ！\battle.cpp(26): error C2143: 構文エラー : ';' が '.' の前にありません。
     1>c:\users\真\desktop\女児向け格ゲー\キュアドール☆バトルスターズ！\キュアドール☆バトルスターズ！\battle.cpp(27): error C2143: 構文エラー : ';' が '[' の前にありません。
     1>c:\users\真\desktop\女児向け格ゲー\キュアドール☆バトルスターズ！\キュアドール☆バトルスターズ！\battle.cpp(27): error C2337: 'p' : 属性が見つかりません。
     1>c:\users\真\desktop\女児向け格ゲー\キュアドール☆バトルスターズ！\キュアドール☆バトルスターズ！\battle.cpp(27): error C2143: 構文エラー : ';' が '.' の前にありません。
     1>c:\users\真\desktop\女児向け格ゲー\キュアドール☆バトルスターズ！\キュアドール☆バトルスターズ！\battle.cpp(28): error C2143: 構文エラー : ';' が '[' の前にありません。
     1>c:\users\真\desktop\女児向け格ゲー\キュアドール☆バトルスターズ！\キュアドール☆バトルスターズ！\battle.cpp(28): error C2337: 'p' : 属性が見つかりません。
     1>c:\users\真\desktop\女児向け格ゲー\キュアドール☆バトルスターズ！\キュアドール☆バトルスターズ！\battle.cpp(28): error C2143: 構文エラー : ';' が '.' の前にありません。
     1>c:\users\真\desktop\女児向け格ゲー\キュアドール☆バトルスターズ！\キュアドール☆バトルスターズ！\battle.cpp(32): error C2065: 'PLAYER' : 定義されていない識別子です。
     1>c:\users\真\desktop\女児向け格ゲー\キュアドール☆バトルスターズ！\キュアドール☆バトルスターズ！\battle.cpp(32): error C2228: '.COM' の左側はクラス、構造体、共用体でなければなりません
     1>c:\users\真\desktop\女児向け格ゲー\キュアドール☆バトルスターズ！\キュアドール☆バトルスターズ！\battle.cpp(33): error C2065: 'PLAYER' : 定義されていない識別子です。
     1>c:\users\真\desktop\女児向け格ゲー\キュアドール☆バトルスターズ！\キュアドール☆バトルスターズ！\battle.cpp(33): error C2228: '.OperationType' の左側はクラス、構造体、共用体でなければなりません
     1>c:\users\真\desktop\女児向け格ゲー\キュアドール☆バトルスターズ！\キュアドール☆バトルスターズ！\battle.cpp(36): error C2065: 'PLAYER' : 定義されていない識別子です。
     1>c:\users\真\desktop\女児向け格ゲー\キュアドール☆バトルスターズ！\キュアドール☆バトルスターズ！\battle.cpp(36): error C2228: '.DrawLayer' の左側はクラス、構造体、共用体でなければなりません
     1>c:\users\真\desktop\女児向け格ゲー\キュアドール☆バトルスターズ！\キュアドール☆バトルスターズ！\battle.cpp(37): error C2065: 'PLAYER' : 定義されていない識別子です。
     1>c:\users\真\desktop\女児向け格ゲー\キュアドール☆バトルスターズ！\キュアドール☆バトルスターズ！\battle.cpp(37): error C2228: '.X' の左側はクラス、構造体、共用体でなければなりません
     1>c:\users\真\desktop\女児向け格ゲー\キュアドール☆バトルスターズ！\キュアドール☆バトルスターズ！\battle.cpp(38): error C2065: 'PLAYER' : 定義されていない識別子です。
     1>c:\users\真\desktop\女児向け格ゲー\キュアドール☆バトルスターズ！\キュアドール☆バトルスターズ！\battle.cpp(38): error C2228: '.Y' の左側はクラス、構造体、共用体でなければなりません
     1>c:\users\真\desktop\女児向け格ゲー\キュアドール☆バトルスターズ！\キュアドール☆バトルスターズ！\battle.cpp(39): error C2065: 'PLAYER' : 定義されていない識別子です。
     1>c:\users\真\desktop\女児向け格ゲー\キュアドール☆バトルスターズ！\キュアドール☆バトルスターズ！\battle.cpp(39): error C2228: '.Toward' の左側はクラス、構造体、共用体でなければなりません
     1>c:\users\真\desktop\女児向け格ゲー\キュアドール☆バトルスターズ！\キュアドール☆バトルスターズ！\battle.cpp(42): error C2065: 'PLAYER' : 定義されていない識別子です。
     1>c:\users\真\desktop\女児向け格ゲー\キュアドール☆バトルスターズ！\キュアドール☆バトルスターズ！\battle.cpp(42): error C2228: '.Stock' の左側はクラス、構造体、共用体でなければなりません
     1>c:\users\真\desktop\女児向け格ゲー\キュアドール☆バトルスターズ！\キュアドール☆バトルスターズ！\battle.cpp(43): error C2065: 'PLAYER' : 定義されていない識別子です。
     1>c:\users\真\desktop\女児向け格ゲー\キュアドール☆バトルスターズ！\キュアドール☆バトルスターズ！\battle.cpp(43): error C2228: '.LifeMax' の左側はクラス、構造体、共用体でなければなりません
     1>c:\users\真\desktop\女児向け格ゲー\キュアドール☆バトルスターズ！\キュアドール☆バトルスターズ！\battle.cpp(44): error C2065: 'PLAYER' : 定義されていない識別子です。
     1>c:\users\真\desktop\女児向け格ゲー\キュアドール☆バトルスターズ！\キュアドール☆バトルスターズ！\battle.cpp(44): error C2228: '.LifeRed' の左側はクラス、構造体、共用体でなければなりません
     1>c:\users\真\desktop\女児向け格ゲー\キュアドール☆バトルスターズ！\キュアドール☆バトルスターズ！\battle.cpp(45): error C2065: 'PLAYER' : 定義されていない識別子です。
     1>c:\users\真\desktop\女児向け格ゲー\キュアドール☆バトルスターズ！\キュアドール☆バトルスターズ！\battle.cpp(45): error C2228: '.LifeWhite' の左側はクラス、構造体、共用体でなければなりません
     1>c:\users\真\desktop\女児向け格ゲー\キュアドール☆バトルスターズ！\キュアドール☆バトルスターズ！\battle.cpp(46): error C2065: 'PLAYER' : 定義されていない識別子です。
     1>c:\users\真\desktop\女児向け格ゲー\キュアドール☆バトルスターズ！\キュアドール☆バトルスターズ！\battle.cpp(46): error C2228: '.Meter' の左側はクラス、構造体、共用体でなければなりません
     1>c:\users\真\desktop\女児向け格ゲー\キュアドール☆バトルスターズ！\キュアドール☆バトルスターズ！\battle.cpp(49): error C2065: 'PLAYER' : 定義されていない識別子です。
     1>c:\users\真\desktop\女児向け格ゲー\キュアドール☆バトルスターズ！\キュアドール☆バトルスターズ！\battle.cpp(49): error C2228: '.Handicap' の左側はクラス、構造体、共用体でなければなりません
     1>c:\users\真\desktop\女児向け格ゲー\キュアドール☆バトルスターズ！\キュアドール☆バトルスターズ！\battle.cpp(50): error C2065: 'PLAYER' : 定義されていない識別子です。
     1>c:\users\真\desktop\女児向け格ゲー\キュアドール☆バトルスターズ！\キュアドール☆バトルスターズ！\battle.cpp(50): error C2228: '.Combo' の左側はクラス、構造体、共用体でなければなりません
     1>c:\users\真\desktop\女児向け格ゲー\キュアドール☆バトルスターズ！\キュアドール☆バトルスターズ！\battle.cpp(53): error C2065: 'PLAYER' : 定義されていない識別子です。
     1>c:\users\真\desktop\女児向け格ゲー\キュアドール☆バトルスターズ！\キュアドール☆バトルスターズ！\battle.cpp(53): error C2228: '.Action' の左側はクラス、構造体、共用体でなければなりません
     1>c:\users\真\desktop\女児向け格ゲー\キュアドール☆バトルスターズ！\キュアドール☆バトルスターズ！\battle.cpp(54): error C2065: 'PLAYER' : 定義されていない識別子です。
     1>c:\users\真\desktop\女児向け格ゲー\キュアドール☆バトルスターズ！\キュアドール☆バトルスターズ！\battle.cpp(54): error C2228: '.OldAction' の左側はクラス、構造体、共用体でなければなりません
     1>c:\users\真\desktop\女児向け格ゲー\キュアドール☆バトルスターズ！\キュアドール☆バトルスターズ！\battle.cpp(55): error C2065: 'PLAYER' : 定義されていない識別子です。
     1>c:\users\真\desktop\女児向け格ゲー\キュアドール☆バトルスターズ！\キュアドール☆バトルスターズ！\battle.cpp(55): error C2228: '.StopTime' の左側はクラス、構造体、共用体でなければなりません
     1>c:\users\真\desktop\女児向け格ゲー\キュアドール☆バトルスターズ！\キュアドール☆バトルスターズ！\battle.cpp(56): error C2065: 'PLAYER' : 定義されていない識別子です。
     1>c:\users\真\desktop\女児向け格ゲー\キュアドール☆バトルスターズ！\キュアドール☆バトルスターズ！\battle.cpp(56): error C2228: '.ActTime' の左側はクラス、構造体、共用体でなければなりません
     1>c:\users\真\desktop\女児向け格ゲー\キュアドール☆バトルスターズ！\キュアドール☆バトルスターズ！\battle.cpp(61): error C2065: 'COMMAND' : 定義されていない識別子です。
     1>c:\users\真\desktop\女児向け格ゲー\キュアドール☆バトルスターズ！\キュアドール☆バトルスターズ！\battle.cpp(61): error C2228: '.LogD' の左側はクラス、構造体、共用体でなければなりません
     1>c:\users\真\desktop\女児向け格ゲー\キュアドール☆バトルスターズ！\キュアドール☆バトルスターズ！\battle.cpp(62): error C2065: 'COMMAND' : 定義されていない識別子です。
     1>c:\users\真\desktop\女児向け格ゲー\キュアドール☆バトルスターズ！\キュアドール☆バトルスターズ！\battle.cpp(62): error C2228: '.LogB' の左側はクラス、構造体、共用体でなければなりません
     1>c:\users\真\desktop\女児向け格ゲー\キュアドール☆バトルスターズ！\キュアドール☆バトルスターズ！\battle.cpp(64): error C2065: 'COMMAND' : 定義されていない識別子です。
     1>c:\users\真\desktop\女児向け格ゲー\キュアドール☆バトルスターズ！\キュアドール☆バトルスターズ！\battle.cpp(64): error C2228: '.Charge' の左側はクラス、構造体、共用体でなければなりません
     1>c:\users\真\desktop\女児向け格ゲー\キュアドール☆バトルスターズ！\キュアドール☆バトルスターズ！\battle.cpp(65): error C2065: 'COMMAND' : 定義されていない識別子です。
     1>c:\users\真\desktop\女児向け格ゲー\キュアドール☆バトルスターズ！\キュアドール☆バトルスターズ！\battle.cpp(65): error C2228: '.Toward' の左側はクラス、構造体、共用体でなければなりません
     1>c:\users\真\desktop\女児向け格ゲー\キュアドール☆バトルスターズ！\キュアドール☆バトルスターズ！\battle.cpp(66): error C2065: 'COMMAND' : 定義されていない識別子です。
     1>c:\users\真\desktop\女児向け格ゲー\キュアドール☆バトルスターズ！\キュアドール☆バトルスターズ！\battle.cpp(66): error C2228: '.RevarsalAct' の左側はクラス、構造体、共用体でなければなりません
     1>c:\users\真\desktop\女児向け格ゲー\キュアドール☆バトルスターズ！\キュアドール☆バトルスターズ！\battle.cpp(67): error C2065: 'COMMAND' : 定義されていない識別子です。
     1>c:\users\真\desktop\女児向け格ゲー\キュアドール☆バトルスターズ！\キュアドール☆バトルスターズ！\battle.cpp(67): error C2228: '.ChainLv' の左側はクラス、構造体、共用体でなければなりません
     1>c:\users\真\desktop\女児向け格ゲー\キュアドール☆バトルスターズ！\キュアドール☆バトルスターズ！\battle.cpp(68): error C2065: 'COMMAND' : 定義されていない識別子です。
     1>c:\users\真\desktop\女児向け格ゲー\キュアドール☆バトルスターズ！\キュアドール☆バトルスターズ！\battle.cpp(68): error C2228: '.CancelOK' の左側はクラス、構造体、共用体でなければなりません
     1>c:\users\真\desktop\女児向け格ゲー\キュアドール☆バトルスターズ！\キュアドール☆バトルスターズ！\battle.cpp(72): error C2065: 'BOX' : 定義されていない識別子です。
     1>c:\users\真\desktop\女児向け格ゲー\キュアドール☆バトルスターズ！\キュアドール☆バトルスターズ！\battle.cpp(72): error C2228: '.invincible' の左側はクラス、構造体、共用体でなければなりません
     1>c:\users\真\desktop\女児向け格ゲー\キュアドール☆バトルスターズ！\キュアドール☆バトルスターズ！\battle.cpp(75): error C2065: 'BOX' : 定義されていない識別子です。
     1>c:\users\真\desktop\女児向け格ゲー\キュアドール☆バトルスターズ！\キュアドール☆バトルスターズ！\battle.cpp(75): error C2228: '.FlagSlide' の左側はクラス、構造体、共用体でなければなりません
     1>c:\users\真\desktop\女児向け格ゲー\キュアドール☆バトルスターズ！\キュアドール☆バトルスターズ！\battle.cpp(76): error C2065: 'BOX' : 定義されていない識別子です。
     1>c:\users\真\desktop\女児向け格ゲー\キュアドール☆バトルスターズ！\キュアドール☆バトルスターズ！\battle.cpp(76): error C2228: '.FlagHit' の左側はクラス、構造体、共用体でなければなりません
     1>c:\users\真\desktop\女児向け格ゲー\キュアドール☆バトルスターズ！\キュアドール☆バトルスターズ！\battle.cpp(77): error C2065: 'BOX' : 定義されていない識別子です。
     1>c:\users\真\desktop\女児向け格ゲー\キュアドール☆バトルスターズ！\キュアドール☆バトルスターズ！\battle.cpp(77): error C2228: '.FlagUnhit' の左側はクラス、構造体、共用体でなければなりません
     1>c:\users\真\desktop\女児向け格ゲー\キュアドール☆バトルスターズ！\キュアドール☆バトルスターズ！\battle.cpp(78): error C2065: 'BOX' : 定義されていない識別子です。
     1>c:\users\真\desktop\女児向け格ゲー\キュアドール☆バトルスターズ！\キュアドール☆バトルスターズ！\battle.cpp(78): error C2228: '.FlagAir' の左側はクラス、構造体、共用体でなければなりません
     1>c:\users\真\desktop\女児向け格ゲー\キュアドール☆バトルスターズ！\キュアドール☆バトルスターズ！\battle.cpp(79): error C2065: 'BOX' : 定義されていない識別子です。
     1>c:\users\真\desktop\女児向け格ゲー\キュアドール☆バトルスターズ！\キュアドール☆バトルスターズ！\battle.cpp(79): error C2228: '.FlagChase' の左側はクラス、構造体、共用体でなければなりません
     1>c:\users\真\desktop\女児向け格ゲー\キュアドール☆バトルスターズ！\キュアドール☆バトルスターズ！\battle.cpp(82): error C2065: 'BOX' : 定義されていない識別子です。
     1>c:\users\真\desktop\女児向け格ゲー\キュアドール☆バトルスターズ！\キュアドール☆バトルスターズ！\battle.cpp(82): error C2228: '.Slide' の左側はクラス、構造体、共用体でなければなりません
     1>c:\users\真\desktop\女児向け格ゲー\キュアドール☆バトルスターズ！\キュアドール☆バトルスターズ！\battle.cpp(83): error C2065: 'BOX' : 定義されていない識別子です。
     1>c:\users\真\desktop\女児向け格ゲー\キュアドール☆バトルスターズ！\キュアドール☆バトルスターズ！\battle.cpp(83): error C2228: '.Hit' の左側はクラス、構造体、共用体でなければなりません
     1>c:\users\真\desktop\女児向け格ゲー\キュアドール☆バトルスターズ！\キュアドール☆バトルスターズ！\battle.cpp(84): error C2065: 'BOX' : 定義されていない識別子です。
     1>c:\users\真\desktop\女児向け格ゲー\キュアドール☆バトルスターズ！\キュアドール☆バトルスターズ！\battle.cpp(84): error C2228: '.Unhit' の左側はクラス、構造体、共用体でなければなりません
     1>c:\users\真\desktop\女児向け格ゲー\キュアドール☆バトルスターズ！\キュアドール☆バトルスターズ！\battle.cpp(87): error C2065: 'BOX' : 定義されていない識別子です。
     1>c:\users\真\desktop\女児向け格ゲー\キュアドール☆バトルスターズ！\キュアドール☆バトルスターズ！\battle.cpp(87): error C2228: '.HitSort' の左側はクラス、構造体、共用体でなければなりません
     1>c:\users\真\desktop\女児向け格ゲー\キュアドール☆バトルスターズ！\キュアドール☆バトルスターズ！\battle.cpp(88): error C2065: 'BOX' : 定義されていない識別子です。
     1>c:\users\真\desktop\女児向け格ゲー\キュアドール☆バトルスターズ！\キュアドール☆バトルスターズ！\battle.cpp(88): error C2228: '.HitLv' の左側はクラス、構造体、共用体でなければなりません
     1>c:\users\真\desktop\女児向け格ゲー\キュアドール☆バトルスターズ！\キュアドール☆バトルスターズ！\battle.cpp(89): error C2065: 'BOX' : 定義されていない識別子です。
     1>c:\users\真\desktop\女児向け格ゲー\キュアドール☆バトルスターズ！\キュアドール☆バトルスターズ！\battle.cpp(89): error C2228: '.HitCheck' の左側はクラス、構造体、共用体でなければなりません
     1>c:\users\真\desktop\女児向け格ゲー\キュアドール☆バトルスターズ！\キュアドール☆バトルスターズ！\battle.cpp(90): error C2065: 'BOX' : 定義されていない識別子です。
     1>c:\users\真\desktop\女児向け格ゲー\キュアドール☆バトルスターズ！\キュアドール☆バトルスターズ！\battle.cpp(90): error C2228: '.HitChase' の左側はクラス、構造体、共用体でなければなりません
     1>c:\users\真\desktop\女児向け格ゲー\キュアドール☆バトルスターズ！\キュアドール☆バトルスターズ！\battle.cpp(93): error C2065: 'BOX' : 定義されていない識別子です。
     1>c:\users\真\desktop\女児向け格ゲー\キュアドール☆バトルスターズ！\キュアドール☆バトルスターズ！\battle.cpp(93): error C2228: '.RedDamage' の左側はクラス、構造体、共用体でなければなりません
     1>c:\users\真\desktop\女児向け格ゲー\キュアドール☆バトルスターズ！\キュアドール☆バトルスターズ！\battle.cpp(94): error C2065: 'BOX' : 定義されていない識別子です。
     1>c:\users\真\desktop\女児向け格ゲー\キュアドール☆バトルスターズ！\キュアドール☆バトルスターズ！\battle.cpp(94): error C2228: '.WhiteDamage' の左側はクラス、構造体、共用体でなければなりません
     1>c:\users\真\desktop\女児向け格ゲー\キュアドール☆バトルスターズ！\キュアドール☆バトルスターズ！\battle.cpp(95): error C2065: 'BOX' : 定義されていない識別子です。
     1>c:\users\真\desktop\女児向け格ゲー\キュアドール☆バトルスターズ！\キュアドール☆バトルスターズ！\battle.cpp(95): error C2228: '.BlockDamage' の左側はクラス、構造体、共用体でなければなりません
     1>c:\users\真\desktop\女児向け格ゲー\キュアドール☆バトルスターズ！\キュアドール☆バトルスターズ！\battle.cpp(98): error C2065: 'BOX' : 定義されていない識別子です。
     1>c:\users\真\desktop\女児向け格ゲー\キュアドール☆バトルスターズ！\キュアドール☆バトルスターズ！\battle.cpp(98): error C2228: '.SlideX' の左側はクラス、構造体、共用体でなければなりません
     1>c:\users\真\desktop\女児向け格ゲー\キュアドール☆バトルスターズ！\キュアドール☆バトルスターズ！\battle.cpp(99): error C2065: 'BOX' : 定義されていない識別子です。
     1>c:\users\真\desktop\女児向け格ゲー\キュアドール☆バトルスターズ！\キュアドール☆バトルスターズ！\battle.cpp(99): error C2228: '.SlideY' の左側はクラス、構造体、共用体でなければなりません
     1>c:\users\真\desktop\女児向け格ゲー\キュアドール☆バトルスターズ！\キュアドール☆バトルスターズ！\battle.cpp(103): error C2065: 'SHOT' : 定義されていない識別子です。
     1>c:\users\真\desktop\女児向け格ゲー\キュアドール☆バトルスターズ！\キュアドール☆バトルスターズ！\battle.cpp(103): error C2228: '.FlagShot' の左側はクラス、構造体、共用体でなければなりません
     1>c:\users\真\desktop\女児向け格ゲー\キュアドール☆バトルスターズ！\キュアドール☆バトルスターズ！\battle.cpp(104): error C2065: 'SHOT' : 定義されていない識別子です。
     1>c:\users\真\desktop\女児向け格ゲー\キュアドール☆バトルスターズ！\キュアドール☆バトルスターズ！\battle.cpp(104): error C2228: '.X' の左側はクラス、構造体、共用体でなければなりません
     1>c:\users\真\desktop\女児向け格ゲー\キュアドール☆バトルスターズ！\キュアドール☆バトルスターズ！\battle.cpp(104): fatal error C1003: プログラム内のエラーが 100 個を超えました。コンパイルは中断されます。
         コードを生成中...
     1>プロジェクト "C:\Users\真\Desktop\女児向け格ゲー\キュアドール☆バトルスターズ！\キュアドール☆バトルスターズ！\キュアドール☆バトルスターズ！.vcxproj" (Build ターゲット) のビルドが終了しました -- 失敗。

ビルドに失敗しました。

経過時間 00:00:03.06
